<?xml version="1.0" encoding="UTF-8"?>
<!-- Generated by org.testng.reporters.JUnitXMLReporter -->
<testsuite hostname="Z1R3P2" ignored="0" name="Default test" tests="6" failures="0" timestamp="10 Aug 2018 07:51:45 GMT" time="0.065" errors="0">
  <testcase name="xmlCheck1" time="0.011" classname="com.maven.POMworking.SecondClass"/>
  <testcase name="xmlCheck2" time="0.006" classname="com.maven.POMworking.SecondClass"/>
  <testcase name="xmlCheck3" time="0.005" classname="com.maven.POMworking.SecondClass"/>
  <testcase name="Test1" time="0.003" classname="com.maven.POMworking.POM"/>
  <testcase name="Test2" time="0.004" classname="com.maven.POMworking.POM"/>
  <testcase name="Test3" time="0.0" classname="com.maven.POMworking.POM"/>
</testsuite> <!-- Default test -->
