<?xml version="1.0" encoding="UTF-8"?>
<!-- Generated by org.testng.reporters.JUnitXMLReporter -->
<testsuite hostname="Z1R3P2" ignored="0" name="Default test" tests="3" failures="0" timestamp="10 Aug 2018 06:37:10 GMT" time="0.043" errors="0">
  <testcase name="Test1" time="0.01" classname="com.maven.POMworking.POM"/>
  <testcase name="Test2" time="0.001" classname="com.maven.POMworking.POM"/>
  <testcase name="Test3" time="0.003" classname="com.maven.POMworking.POM"/>
</testsuite> <!-- Default test -->
