<?xml version="1.0" encoding="UTF-8"?>
<!-- Generated by org.testng.reporters.JUnitXMLReporter -->
<testsuite hostname="Z1R3P2" ignored="2" name="Default test" tests="1" failures="0" timestamp="10 Aug 2018 09:32:45 GMT" time="0.033" errors="0">
  <testcase name="xmlCheck1" time="0.01" classname="com.maven.POMworking.SecondClass"/>
  <testcase name="xmlCheck3" time="0.0" classname="com.maven.POMworking.SecondClass">
    <ignored/>
  </testcase> <!-- xmlCheck3 -->
  <testcase name="xmlCheck2" time="0.0" classname="com.maven.POMworking.SecondClass">
    <ignored/>
  </testcase> <!-- xmlCheck2 -->
</testsuite> <!-- Default test -->
