<?xml version="1.0" encoding="UTF-8"?>
<!-- Generated by org.testng.reporters.JUnitXMLReporter -->
<testsuite hostname="Z1R3P2" ignored="0" name="Test1" tests="3" failures="0" timestamp="10 Aug 2018 07:21:48 GMT" time="0.053" errors="0">
  <testcase name="Test1" time="0.012" classname="com.maven.POMworking.POM"/>
  <testcase name="Test2" time="0.002" classname="com.maven.POMworking.POM"/>
  <testcase name="Test3" time="0.001" classname="com.maven.POMworking.POM"/>
</testsuite> <!-- Test1 -->
