<?xml version="1.0" encoding="UTF-8"?>
<testng-results skipped="0" failed="0" ignored="2" total="3" passed="1">
  <reporter-output>
  </reporter-output>
  <suite name="Default suite" duration-ms="33" started-at="2018-08-10T09:32:45Z" finished-at="2018-08-10T09:32:45Z">
    <groups>
    </groups>
    <test name="Default test" duration-ms="33" started-at="2018-08-10T09:32:45Z" finished-at="2018-08-10T09:32:45Z">
      <class name="com.maven.POMworking.SecondClass">
        <test-method status="PASS" signature="xmlCheck1()[pri:0, instance:com.maven.POMworking.SecondClass@39aeed2f]" name="xmlCheck1" duration-ms="10" started-at="2018-08-10T15:02:45Z" finished-at="2018-08-10T15:02:45Z">
          <reporter-output>
          </reporter-output>
        </test-method> <!-- xmlCheck1 -->
      </class> <!-- com.maven.POMworking.SecondClass -->
    </test> <!-- Default test -->
  </suite> <!-- Default suite -->
</testng-results>
