<?xml version="1.0" encoding="UTF-8"?>
<testng-results skipped="0" failed="0" ignored="0" total="3" passed="3">
  <reporter-output>
  </reporter-output>
  <suite name="Default suite" duration-ms="85" started-at="2018-08-10T07:49:05Z" finished-at="2018-08-10T07:49:05Z">
    <groups>
    </groups>
    <test name="Default test" duration-ms="85" started-at="2018-08-10T07:49:05Z" finished-at="2018-08-10T07:49:05Z">
      <class name="com.maven.POMworking.POM">
        <test-method status="PASS" signature="Test1()[pri:0, instance:com.maven.POMworking.POM@4cc0edeb]" name="Test1" duration-ms="28" started-at="2018-08-10T13:19:05Z" finished-at="2018-08-10T13:19:05Z">
          <reporter-output>
          </reporter-output>
        </test-method> <!-- Test1 -->
        <test-method status="PASS" signature="Test2()[pri:0, instance:com.maven.POMworking.POM@4cc0edeb]" name="Test2" duration-ms="14" started-at="2018-08-10T13:19:05Z" finished-at="2018-08-10T13:19:05Z">
          <reporter-output>
          </reporter-output>
        </test-method> <!-- Test2 -->
        <test-method status="PASS" signature="Test3()[pri:0, instance:com.maven.POMworking.POM@4cc0edeb]" name="Test3" duration-ms="3" started-at="2018-08-10T13:19:05Z" finished-at="2018-08-10T13:19:05Z">
          <reporter-output>
          </reporter-output>
        </test-method> <!-- Test3 -->
      </class> <!-- com.maven.POMworking.POM -->
    </test> <!-- Default test -->
  </suite> <!-- Default suite -->
</testng-results>
